<?xml version="1.0" encoding="UTF-8"?>
<testsuite xmlns:xsi="http://www.w3.org/2001/XMLSchema-instance" xsi:noNamespaceSchemaLocation="https://maven.apache.org/surefire/maven-surefire-plugin/xsd/surefire-test-report-3.0.xsd" version="3.0" name="storage.LRUReplacerTest" time="0.009" tests="13" errors="0" skipped="0" failures="0">
  <properties>
[...]
</properties>
  <testcase name="testAlternatingPinUnpinSize" classname="storage.LRUReplacerTest" time="0.001"/>
  <testcase name="testComplexAccessPattern" classname="storage.LRUReplacerTest" time="0.0"/>
  <testcase name="testVictimWhenEmpty" classname="storage.LRUReplacerTest" time="0.001"/>
  <testcase name="testPinFrame" classname="storage.LRUReplacerTest" time="0.0"/>
  <testcase name="testUnpinFrame" classname="storage.LRUReplacerTest" time="0.0"/>
  <testcase name="testLargeScaleData" classname="storage.LRUReplacerTest" time="0.001"/>
  <testcase name="testBulkOperationsConsistency" classname="storage.LRUReplacerTest" time="0.0"/>
  <testcase name="testPinExistingInLRU" classname="storage.LRUReplacerTest" time="0.001"/>
  <testcase name="testAllPinnedNoVictim" classname="storage.LRUReplacerTest" time="0.001"/>
  <testcase name="testPinBeyondCapacity" classname="storage.LRUReplacerTest" time="0.001"/>
  <testcase name="testVictimLRU" classname="storage.LRUReplacerTest" time="0.0"/>
  <testcase name="testDuplicatePin" classname="storage.LRUReplacerTest" time="0.0"/>
  <testcase name="testVictimRemovesCompletely" classname="storage.LRUReplacerTest" time="0.0"/>
</testsuite>